<?xml version="1.0" encoding="UTF-8"?>
<!-- Generated by org.testng.reporters.JUnitReportReporter -->
<testsuite hostname="DESKTOP-HRISQ2F" failures="0" tests="2" name="com.IPL.IplTestData" time="12.155" errors="0" timestamp="26 May 2023 03:39:55 GMT" skipped="0">
  <testcase classname="com.IPL.IplTestData" name="EnterIplPointsTable" time="12.031"/>
  <testcase classname="com.IPL.IplTestData" name="Table" time="0.124"/>
</testsuite> <!-- com.IPL.IplTestData -->
