<?xml version="1.0" encoding="UTF-8"?>
<!-- Generated by org.testng.reporters.JUnitReportReporter -->
<testsuite hostname="DESKTOP-HRISQ2F" failures="0" tests="1" name="com.TSRTC.HandlingAlert" time="10.237" errors="0" timestamp="2023-05-08T13:04:02 IST" skipped="0">
  <testcase classname="com.TSRTC.HandlingAlert" name="handlingAlert" time="10.237"/>
  <system-out/>
</testsuite> <!-- com.TSRTC.HandlingAlert -->
