<?xml version="1.0" encoding="UTF-8"?>
<!-- Generated by org.testng.reporters.JUnitReportReporter -->
<testsuite hostname="DESKTOP-HRISQ2F" failures="0" tests="4" name="com.OrangeHRMApplicationWebPageTest.OrangeHRMHomePageTest" time="23.389" errors="0" timestamp="2023-05-29T07:56:15 IST" skipped="0">
  <testcase classname="com.OrangeHRMApplicationWebPageTest.OrangeHRMHomePageTest" name="validatingLogInPageTextTest" time="2.008"/>
  <system-out/>
  <testcase classname="com.OrangeHRMApplicationWebPageTest.OrangeHRMHomePageTest" name="validatingLogInTest" time="9.572"/>
  <system-out/>
  <testcase classname="com.OrangeHRMApplicationWebPageTest.OrangeHRMHomePageTest" name="OrangeHRMHomePageAdminTestText" time="9.966"/>
  <system-out/>
  <testcase classname="com.OrangeHRMApplicationWebPageTest.OrangeHRMHomePageTest" name="validatingLogInPageLogoTest" time="1.843"/>
  <system-out/>
</testsuite> <!-- com.OrangeHRMApplicationWebPageTest.OrangeHRMHomePageTest -->
