<?xml version="1.0" encoding="UTF-8"?>
<!-- Generated by org.testng.reporters.JUnitReportReporter -->
<testsuite hostname="DESKTOP-HRISQ2F" failures="0" tests="3" name="com.OrangeHRMApplicationWebPageTest.OrangeHRMLogInTest" time="17.768" errors="0" timestamp="2023-05-29T11:38:23 IST" skipped="0">
  <testcase classname="com.OrangeHRMApplicationWebPageTest.OrangeHRMLogInTest" name="validatingLogInPageTextTest" time="2.012"/>
  <system-out/>
  <testcase classname="com.OrangeHRMApplicationWebPageTest.OrangeHRMLogInTest" name="validatingLogInTest" time="10.521"/>
  <system-out/>
  <testcase classname="com.OrangeHRMApplicationWebPageTest.OrangeHRMLogInTest" name="validatingLogInPageLogoTest" time="5.235"/>
  <system-out/>
</testsuite> <!-- com.OrangeHRMApplicationWebPageTest.OrangeHRMLogInTest -->
