<?xml version="1.0" encoding="UTF-8"?>
<!-- Generated by org.testng.reporters.JUnitReportReporter -->
<testsuite hostname="DESKTOP-HRISQ2F" failures="0" tests="9" name="com.TestCases.OrangeHRM_AddEmployee" time="81.926" errors="0" timestamp="2023-05-30T14:08:44 IST" skipped="0">
  <testcase classname="com.TestCases.OrangeHRM_AddEmployee" name="LogInPage" time="1.615"/>
  <system-out/>
  <testcase classname="com.TestCases.OrangeHRM_AddEmployee" name="logInPageValidationTest" time="13.920"/>
  <system-out/>
  <testcase classname="com.TestCases.OrangeHRM_AddEmployee" name="ORGHrmTest" time="0.019"/>
  <system-out/>
  <testcase classname="com.TestCases.OrangeHRM_AddEmployee" name="ORGHrmTest2" time="0.018"/>
  <system-out/>
  <testcase classname="com.TestCases.OrangeHRM_AddEmployee" name="AddEmployee" time="2.552"/>
  <system-out/>
  <testcase classname="com.TestCases.OrangeHRM_AddEmployee" name="AddEmployeeHeaderTest" time="0.046"/>
  <system-out/>
  <testcase classname="com.TestCases.OrangeHRM_AddEmployee" name="AddEmployeeFullNameTestData" time="0.061"/>
  <system-out/>
  <testcase classname="com.TestCases.OrangeHRM_AddEmployee" name="AddEmployeeFirstNameTestData1" time="61.865"/>
  <system-out/>
  <testcase classname="com.TestCases.OrangeHRM_AddEmployee" name="WelcomeAdmin" time="1.830"/>
  <system-out/>
</testsuite> <!-- com.TestCases.OrangeHRM_AddEmployee -->
