<?xml version="1.0" encoding="UTF-8"?>
<!-- Generated by org.testng.reporters.JUnitReportReporter -->
<testsuite hostname="DESKTOP-HRISQ2F" failures="0" tests="8" name="com.TestCases.OrangeHRM_EmployeeList_CaptureTestData" time="5.450" errors="3" timestamp="2023-05-20T07:26:54 IST" skipped="0">
  <testcase classname="com.TestCases.OrangeHRM_EmployeeList_CaptureTestData" name="LogInPage" time="0.569"/>
  <system-out/>
  <testcase classname="com.TestCases.OrangeHRM_EmployeeList_CaptureTestData" name="logInPageValidationTest" time="2.253"/>
  <system-out/>
  <testcase classname="com.TestCases.OrangeHRM_EmployeeList_CaptureTestData" name="ORGHrmTest" time="0.017"/>
  <system-out/>
  <testcase classname="com.TestCases.OrangeHRM_EmployeeList_CaptureTestData" name="ORGHrmTest2" time="0.236"/>
  <system-out/>
  <testcase classname="com.TestCases.OrangeHRM_EmployeeList_CaptureTestData" name="PIM" time="0.248"/>
  <system-out/>
  <testcase classname="com.TestCases.OrangeHRM_EmployeeList_CaptureTestData" name="EmployeeListTestData" time="0.005">
    <error message="Cannot find elements when the XPath is null." type="java.lang.IllegalArgumentException">
      <![CDATA[java.lang.IllegalArgumentException: Cannot find elements when the XPath is null.
at org.openqa.selenium.internal.Require$ArgumentChecker.nonNull(Require.java:207)
at org.openqa.selenium.By$ByXPath.<init>(By.java:287)
at org.openqa.selenium.By.xpath(By.java:89)
at com.TestCases.OrangeHRM_EmployeeList_CaptureTestData.EmployeeListTestData(OrangeHRM_EmployeeList_CaptureTestData.java:68)
at java.base/jdk.internal.reflect.DirectMethodHandleAccessor.invoke(DirectMethodHandleAccessor.java:104)
at java.base/java.lang.reflect.Method.invoke(Method.java:578)
at org.testng.internal.MethodInvocationHelper.invokeMethod(MethodInvocationHelper.java:133)
at org.testng.internal.TestInvoker.invokeMethod(TestInvoker.java:598)
at org.testng.internal.TestInvoker.invokeTestMethod(TestInvoker.java:173)
at org.testng.internal.MethodRunner.runInSequence(MethodRunner.java:46)
at org.testng.internal.TestInvoker$MethodInvocationAgent.invoke(TestInvoker.java:824)
at org.testng.internal.TestInvoker.invokeTestMethods(TestInvoker.java:146)
at org.testng.internal.TestMethodWorker.invokeTestMethods(TestMethodWorker.java:146)
at org.testng.internal.TestMethodWorker.run(TestMethodWorker.java:128)
at java.base/java.util.ArrayList.forEach(ArrayList.java:1511)
at org.testng.TestRunner.privateRun(TestRunner.java:794)
at org.testng.TestRunner.run(TestRunner.java:596)
at org.testng.SuiteRunner.runTest(SuiteRunner.java:377)
at org.testng.SuiteRunner.runSequentially(SuiteRunner.java:371)
at org.testng.SuiteRunner.privateRun(SuiteRunner.java:332)
at org.testng.SuiteRunner.run(SuiteRunner.java:276)
at org.testng.SuiteRunnerWorker.runSuite(SuiteRunnerWorker.java:53)
at org.testng.SuiteRunnerWorker.run(SuiteRunnerWorker.java:96)
at org.testng.TestNG.runSuitesSequentially(TestNG.java:1212)
at org.testng.TestNG.runSuitesLocally(TestNG.java:1134)
at org.testng.TestNG.runSuites(TestNG.java:1063)
at org.testng.TestNG.run(TestNG.java:1031)
at org.testng.remote.AbstractRemoteTestNG.run(AbstractRemoteTestNG.java:115)
at org.testng.remote.RemoteTestNG.initAndRun(RemoteTestNG.java:251)
at org.testng.remote.RemoteTestNG.main(RemoteTestNG.java:77)
]]>
    </error>
  </testcase> <!-- EmployeeListTestData -->
  <system-out/>
  <testcase classname="com.TestCases.OrangeHRM_EmployeeList_CaptureTestData" name="AddEmployeeListWebTabletest" time="0.047">
    <error message="no such element: Unable to locate element: {&quot;method&quot;:&quot;xpath&quot;,&quot;selector&quot;:&quot;//*[@id=&quot;search-results&quot;]/div&quot;}
  (Session info: chrome=113.0.5672.127)
For documentation on this error, please visit: https://selenium.dev/exceptions/#no_such_element
Build info: version: &#039;4.8.3&#039;, revision: &#039;b19b418e60&#039;
System info: os.name: &#039;Windows 11&#039;, os.arch: &#039;amd64&#039;, os.version: &#039;10.0&#039;, java.version: &#039;20&#039;
Driver info: org.openqa.selenium.chrome.ChromeDriver
Command: [0b5047743b995159e3f47d5f3bca9279, findElement {using=xpath, value=//*[@id=&quot;search-results&quot;]/div}]
Capabilities {acceptInsecureCerts: false, browserName: chrome, browserVersion: 113.0.5672.127, chrome: {chromedriverVersion: 113.0.5672.63 (0e1a4471d5ae..., userDataDir: C:\Users\DELL\AppData\Local...}, goog:chromeOptions: {debuggerAddress: localhost:55803}, networkConnectionEnabled: false, pageLoadStrategy: normal, platformName: WINDOWS, proxy: Proxy(), se:cdp: ws://localhost:55803/devtoo..., se:cdpVersion: 113.0.5672.127, setWindowRect: true, strictFileInteractability: false, timeouts: {implicit: 0, pageLoad: 300000, script: 30000}, unhandledPromptBehavior: dismiss and notify, webauthn:extension:credBlob: true, webauthn:extension:largeBlob: true, webauthn:extension:minPinLength: true, webauthn:extension:prf: true, webauthn:virtualAuthenticators: true}
Session ID: 0b5047743b995159e3f47d5f3bca9279" type="org.openqa.selenium.NoSuchElementException">
      <![CDATA[org.openqa.selenium.NoSuchElementException: no such element: Unable to locate element: {"method":"xpath","selector":"//*[@id="search-results"]/div"}
  (Session info: chrome=113.0.5672.127)
For documentation on this error, please visit: https://selenium.dev/exceptions/#no_such_element
Build info: version: '4.8.3', revision: 'b19b418e60'
System info: os.name: 'Windows 11', os.arch: 'amd64', os.version: '10.0', java.version: '20'
Driver info: org.openqa.selenium.chrome.ChromeDriver
Command: [0b5047743b995159e3f47d5f3bca9279, findElement {using=xpath, value=//*[@id="search-results"]/div}]
Capabilities {acceptInsecureCerts: false, browserName: chrome, browserVersion: 113.0.5672.127, chrome: {chromedriverVersion: 113.0.5672.63 (0e1a4471d5ae..., userDataDir: C:\Users\DELL\AppData\Local...}, goog:chromeOptions: {debuggerAddress: localhost:55803}, networkConnectionEnabled: false, pageLoadStrategy: normal, platformName: WINDOWS, proxy: Proxy(), se:cdp: ws://localhost:55803/devtoo..., se:cdpVersion: 113.0.5672.127, setWindowRect: true, strictFileInteractability: false, timeouts: {implicit: 0, pageLoad: 300000, script: 30000}, unhandledPromptBehavior: dismiss and notify, webauthn:extension:credBlob: true, webauthn:extension:largeBlob: true, webauthn:extension:minPinLength: true, webauthn:extension:prf: true, webauthn:virtualAuthenticators: true}
Session ID: 0b5047743b995159e3f47d5f3bca9279
at java.base/jdk.internal.reflect.DirectConstructorHandleAccessor.newInstance(DirectConstructorHandleAccessor.java:67)
at java.base/java.lang.reflect.Constructor.newInstanceWithCaller(Constructor.java:500)
at java.base/java.lang.reflect.Constructor.newInstance(Constructor.java:484)
at org.openqa.selenium.remote.codec.w3c.W3CHttpResponseCodec.createException(W3CHttpResponseCodec.java:200)
at org.openqa.selenium.remote.codec.w3c.W3CHttpResponseCodec.decode(W3CHttpResponseCodec.java:133)
at org.openqa.selenium.remote.codec.w3c.W3CHttpResponseCodec.decode(W3CHttpResponseCodec.java:53)
at org.openqa.selenium.remote.HttpCommandExecutor.execute(HttpCommandExecutor.java:193)
at org.openqa.selenium.remote.service.DriverCommandExecutor.invokeExecute(DriverCommandExecutor.java:183)
at org.openqa.selenium.remote.service.DriverCommandExecutor.execute(DriverCommandExecutor.java:158)
at org.openqa.selenium.remote.RemoteWebDriver.execute(RemoteWebDriver.java:543)
at org.openqa.selenium.remote.ElementLocation$ElementFinder$2.findElement(ElementLocation.java:162)
at org.openqa.selenium.remote.ElementLocation.findElement(ElementLocation.java:60)
at org.openqa.selenium.remote.RemoteWebDriver.findElement(RemoteWebDriver.java:352)
at org.openqa.selenium.remote.RemoteWebDriver.findElement(RemoteWebDriver.java:344)
at com.TestCases.OrangeHRM_EmployeeList_CaptureTestData.AddEmployeeListWebTabletest(OrangeHRM_EmployeeList_CaptureTestData.java:80)
at java.base/jdk.internal.reflect.DirectMethodHandleAccessor.invoke(DirectMethodHandleAccessor.java:104)
at java.base/java.lang.reflect.Method.invoke(Method.java:578)
at org.testng.internal.MethodInvocationHelper.invokeMethod(MethodInvocationHelper.java:133)
at org.testng.internal.TestInvoker.invokeMethod(TestInvoker.java:598)
at org.testng.internal.TestInvoker.invokeTestMethod(TestInvoker.java:173)
at org.testng.internal.MethodRunner.runInSequence(MethodRunner.java:46)
at org.testng.internal.TestInvoker$MethodInvocationAgent.invoke(TestInvoker.java:824)
at org.testng.internal.TestInvoker.invokeTestMethods(TestInvoker.java:146)
at org.testng.internal.TestMethodWorker.invokeTestMethods(TestMethodWorker.java:146)
at org.testng.internal.TestMethodWorker.run(TestMethodWorker.java:128)
at java.base/java.util.ArrayList.forEach(ArrayList.java:1511)
at org.testng.TestRunner.privateRun(TestRunner.java:794)
at org.testng.TestRunner.run(TestRunner.java:596)
at org.testng.SuiteRunner.runTest(SuiteRunner.java:377)
at org.testng.SuiteRunner.runSequentially(SuiteRunner.java:371)
at org.testng.SuiteRunner.privateRun(SuiteRunner.java:332)
at org.testng.SuiteRunner.run(SuiteRunner.java:276)
at org.testng.SuiteRunnerWorker.runSuite(SuiteRunnerWorker.java:53)
at org.testng.SuiteRunnerWorker.run(SuiteRunnerWorker.java:96)
at org.testng.TestNG.runSuitesSequentially(TestNG.java:1212)
at org.testng.TestNG.runSuitesLocally(TestNG.java:1134)
at org.testng.TestNG.runSuites(TestNG.java:1063)
at org.testng.TestNG.run(TestNG.java:1031)
at org.testng.remote.AbstractRemoteTestNG.run(AbstractRemoteTestNG.java:115)
at org.testng.remote.RemoteTestNG.initAndRun(RemoteTestNG.java:251)
at org.testng.remote.RemoteTestNG.main(RemoteTestNG.java:77)
]]>
    </error>
  </testcase> <!-- AddEmployeeListWebTabletest -->
  <system-out/>
  <testcase classname="com.TestCases.OrangeHRM_EmployeeList_CaptureTestData" name="WelcomeAdmin" time="2.075">
    <error message="element not interactable
  (Session info: chrome=113.0.5672.127)
Build info: version: &#039;4.8.3&#039;, revision: &#039;b19b418e60&#039;
System info: os.name: &#039;Windows 11&#039;, os.arch: &#039;amd64&#039;, os.version: &#039;10.0&#039;, java.version: &#039;20&#039;
Driver info: org.openqa.selenium.chrome.ChromeDriver
Command: [0b5047743b995159e3f47d5f3bca9279, clickElement {id=A9CD2D3A98F27D0B42E3DFEC98219C2D_element_27}]
Capabilities {acceptInsecureCerts: false, browserName: chrome, browserVersion: 113.0.5672.127, chrome: {chromedriverVersion: 113.0.5672.63 (0e1a4471d5ae..., userDataDir: C:\Users\DELL\AppData\Local...}, goog:chromeOptions: {debuggerAddress: localhost:55803}, networkConnectionEnabled: false, pageLoadStrategy: normal, platformName: WINDOWS, proxy: Proxy(), se:cdp: ws://localhost:55803/devtoo..., se:cdpVersion: 113.0.5672.127, setWindowRect: true, strictFileInteractability: false, timeouts: {implicit: 0, pageLoad: 300000, script: 30000}, unhandledPromptBehavior: dismiss and notify, webauthn:extension:credBlob: true, webauthn:extension:largeBlob: true, webauthn:extension:minPinLength: true, webauthn:extension:prf: true, webauthn:virtualAuthenticators: true}
Element: [[ChromeDriver: chrome on WINDOWS (0b5047743b995159e3f47d5f3bca9279)] -&gt; xpath: //a[@href=&#039;/orangehrm-4.2.0.1/symfony/web/index.php/auth/logout&#039;]]
Session ID: 0b5047743b995159e3f47d5f3bca9279" type="org.openqa.selenium.ElementNotInteractableException">
      <![CDATA[org.openqa.selenium.ElementNotInteractableException: element not interactable
  (Session info: chrome=113.0.5672.127)
Build info: version: '4.8.3', revision: 'b19b418e60'
System info: os.name: 'Windows 11', os.arch: 'amd64', os.version: '10.0', java.version: '20'
Driver info: org.openqa.selenium.chrome.ChromeDriver
Command: [0b5047743b995159e3f47d5f3bca9279, clickElement {id=A9CD2D3A98F27D0B42E3DFEC98219C2D_element_27}]
Capabilities {acceptInsecureCerts: false, browserName: chrome, browserVersion: 113.0.5672.127, chrome: {chromedriverVersion: 113.0.5672.63 (0e1a4471d5ae..., userDataDir: C:\Users\DELL\AppData\Local...}, goog:chromeOptions: {debuggerAddress: localhost:55803}, networkConnectionEnabled: false, pageLoadStrategy: normal, platformName: WINDOWS, proxy: Proxy(), se:cdp: ws://localhost:55803/devtoo..., se:cdpVersion: 113.0.5672.127, setWindowRect: true, strictFileInteractability: false, timeouts: {implicit: 0, pageLoad: 300000, script: 30000}, unhandledPromptBehavior: dismiss and notify, webauthn:extension:credBlob: true, webauthn:extension:largeBlob: true, webauthn:extension:minPinLength: true, webauthn:extension:prf: true, webauthn:virtualAuthenticators: true}
Element: [[ChromeDriver: chrome on WINDOWS (0b5047743b995159e3f47d5f3bca9279)] -> xpath: //a[@href='/orangehrm-4.2.0.1/symfony/web/index.php/auth/logout']]
Session ID: 0b5047743b995159e3f47d5f3bca9279
at java.base/jdk.internal.reflect.DirectConstructorHandleAccessor.newInstance(DirectConstructorHandleAccessor.java:67)
at java.base/java.lang.reflect.Constructor.newInstanceWithCaller(Constructor.java:500)
at java.base/java.lang.reflect.Constructor.newInstance(Constructor.java:484)
at org.openqa.selenium.remote.codec.w3c.W3CHttpResponseCodec.createException(W3CHttpResponseCodec.java:200)
at org.openqa.selenium.remote.codec.w3c.W3CHttpResponseCodec.decode(W3CHttpResponseCodec.java:133)
at org.openqa.selenium.remote.codec.w3c.W3CHttpResponseCodec.decode(W3CHttpResponseCodec.java:53)
at org.openqa.selenium.remote.HttpCommandExecutor.execute(HttpCommandExecutor.java:193)
at org.openqa.selenium.remote.service.DriverCommandExecutor.invokeExecute(DriverCommandExecutor.java:183)
at org.openqa.selenium.remote.service.DriverCommandExecutor.execute(DriverCommandExecutor.java:158)
at org.openqa.selenium.remote.RemoteWebDriver.execute(RemoteWebDriver.java:543)
at org.openqa.selenium.remote.RemoteWebElement.execute(RemoteWebElement.java:257)
at org.openqa.selenium.remote.RemoteWebElement.click(RemoteWebElement.java:78)
at com.TestCases.OrangeHRM_EmployeeList_CaptureTestData.WelcomeAdmin(OrangeHRM_EmployeeList_CaptureTestData.java:120)
at java.base/jdk.internal.reflect.DirectMethodHandleAccessor.invoke(DirectMethodHandleAccessor.java:104)
at java.base/java.lang.reflect.Method.invoke(Method.java:578)
at org.testng.internal.MethodInvocationHelper.invokeMethod(MethodInvocationHelper.java:133)
at org.testng.internal.TestInvoker.invokeMethod(TestInvoker.java:598)
at org.testng.internal.TestInvoker.invokeTestMethod(TestInvoker.java:173)
at org.testng.internal.MethodRunner.runInSequence(MethodRunner.java:46)
at org.testng.internal.TestInvoker$MethodInvocationAgent.invoke(TestInvoker.java:824)
at org.testng.internal.TestInvoker.invokeTestMethods(TestInvoker.java:146)
at org.testng.internal.TestMethodWorker.invokeTestMethods(TestMethodWorker.java:146)
at org.testng.internal.TestMethodWorker.run(TestMethodWorker.java:128)
at java.base/java.util.ArrayList.forEach(ArrayList.java:1511)
at org.testng.TestRunner.privateRun(TestRunner.java:794)
at org.testng.TestRunner.run(TestRunner.java:596)
at org.testng.SuiteRunner.runTest(SuiteRunner.java:377)
at org.testng.SuiteRunner.runSequentially(SuiteRunner.java:371)
at org.testng.SuiteRunner.privateRun(SuiteRunner.java:332)
at org.testng.SuiteRunner.run(SuiteRunner.java:276)
at org.testng.SuiteRunnerWorker.runSuite(SuiteRunnerWorker.java:53)
at org.testng.SuiteRunnerWorker.run(SuiteRunnerWorker.java:96)
at org.testng.TestNG.runSuitesSequentially(TestNG.java:1212)
at org.testng.TestNG.runSuitesLocally(TestNG.java:1134)
at org.testng.TestNG.runSuites(TestNG.java:1063)
at org.testng.TestNG.run(TestNG.java:1031)
at org.testng.remote.AbstractRemoteTestNG.run(AbstractRemoteTestNG.java:115)
at org.testng.remote.RemoteTestNG.initAndRun(RemoteTestNG.java:251)
at org.testng.remote.RemoteTestNG.main(RemoteTestNG.java:77)
]]>
    </error>
  </testcase> <!-- WelcomeAdmin -->
  <system-out/>
</testsuite> <!-- com.TestCases.OrangeHRM_EmployeeList_CaptureTestData -->
