<?xml version="1.0" encoding="UTF-8"?>
<!-- Generated by org.testng.reporters.JUnitReportReporter -->
<testsuite hostname="DESKTOP-HRISQ2F" failures="0" tests="5" name="com.TestCases.LogInTest" time="10.948" errors="0" timestamp="2023-05-26T10:47:09 IST" skipped="0">
  <testcase classname="com.TestCases.LogInTest" name="LogInPage" time="1.778"/>
  <system-out/>
  <testcase classname="com.TestCases.LogInTest" name="logInPageValidationTest" time="6.675"/>
  <system-out/>
  <testcase classname="com.TestCases.LogInTest" name="ORGHrmTest" time="0.019"/>
  <system-out/>
  <testcase classname="com.TestCases.LogInTest" name="ORGHrmTest2" time="0.068"/>
  <system-out/>
  <testcase classname="com.TestCases.LogInTest" name="WelcomeAdmin" time="2.408"/>
  <system-out/>
</testsuite> <!-- com.TestCases.LogInTest -->
