<?xml version="1.0" encoding="UTF-8"?>
<!-- Generated by org.testng.reporters.JUnitReportReporter -->
<testsuite hostname="DESKTOP-HRISQ2F" failures="0" tests="1" name="com.BeseTest.BaseTest" time="0.006" errors="0" timestamp="2023-05-22T12:40:37 IST" skipped="0">
  <testcase classname="com.BeseTest.BaseTest" name="t" time="0.006"/>
  <system-out/>
</testsuite> <!-- com.BeseTest.BaseTest -->
